0 info it worked if it ends with ok
1 verbose cli [ 'C:\\Program Files\\nodejs\\node.exe',
1 verbose cli   'C:\\Users\\patte\\AppData\\Roaming\\npm\\node_modules\\npm\\bin\\npm-cli.js',
1 verbose cli   'run',
1 verbose cli   'lint' ]
2 info using npm@4.0.2
3 info using node@v6.9.1
4 verbose run-script [ 'prelint', 'lint', 'postlint' ]
5 info lifecycle content-scraper@1.0.0~prelint: content-scraper@1.0.0
6 silly lifecycle content-scraper@1.0.0~prelint: no script for prelint, continuing
7 info lifecycle content-scraper@1.0.0~lint: content-scraper@1.0.0
8 verbose lifecycle content-scraper@1.0.0~lint: unsafe-perm in lifecycle true
9 verbose lifecycle content-scraper@1.0.0~lint: PATH: C:\Users\patte\AppData\Roaming\npm\node_modules\npm\bin\node-gyp-bin;C:\Users\patte\Desktop\JavaScript\content-scraper\node_modules\.bin;C:\Program Files (x86)\Intel\iCLS Client\;C:\Program Files\Intel\iCLS Client\;C:\Windows\system32;C:\Windows;C:\Windows\System32\Wbem;C:\Windows\System32\WindowsPowerShell\v1.0\;C:\Program Files (x86)\Intel\Intel(R) Management Engine Components\DAL;C:\Program Files\Intel\Intel(R) Management Engine Components\DAL;C:\Program Files (x86)\Intel\Intel(R) Management Engine Components\IPT;C:\Program Files\Intel\Intel(R) Management Engine Components\IPT;C:\Program Files (x86)\NVIDIA Corporation\PhysX\Common;C:\Program Files (x86)\PuTTY\;C:\WINDOWS\system32;C:\WINDOWS;C:\WINDOWS\System32\Wbem;C:\WINDOWS\System32\WindowsPowerShell\v1.0\;C:\Program Files\nodejs\;C:\Program Files\Git\cmd;;C:\Program Files (x86)\Microsoft VS Code\bin;C:\Program Files\Docker Toolbox;C:\Users\patte\AppData\Local\Microsoft\WindowsApps;C:\Users\patte\AppData\Roaming\npm
10 verbose lifecycle content-scraper@1.0.0~lint: CWD: C:\Users\patte\Desktop\JavaScript\content-scraper
11 silly lifecycle content-scraper@1.0.0~lint: Args: [ '/d /s /c', 'eslint scraper.js' ]
12 silly lifecycle content-scraper@1.0.0~lint: Returned: code: 1  signal: null
13 info lifecycle content-scraper@1.0.0~lint: Failed to exec lint script
14 verbose stack Error: content-scraper@1.0.0 lint: `eslint scraper.js`
14 verbose stack Exit status 1
14 verbose stack     at EventEmitter.<anonymous> (C:\Users\patte\AppData\Roaming\npm\node_modules\npm\lib\utils\lifecycle.js:279:16)
14 verbose stack     at emitTwo (events.js:106:13)
14 verbose stack     at EventEmitter.emit (events.js:191:7)
14 verbose stack     at ChildProcess.<anonymous> (C:\Users\patte\AppData\Roaming\npm\node_modules\npm\lib\utils\spawn.js:40:14)
14 verbose stack     at emitTwo (events.js:106:13)
14 verbose stack     at ChildProcess.emit (events.js:191:7)
14 verbose stack     at maybeClose (internal/child_process.js:877:16)
14 verbose stack     at Process.ChildProcess._handle.onexit (internal/child_process.js:226:5)
15 verbose pkgid content-scraper@1.0.0
16 verbose cwd C:\Users\patte\Desktop\JavaScript\content-scraper
17 error Windows_NT 10.0.14393
18 error argv "C:\\Program Files\\nodejs\\node.exe" "C:\\Users\\patte\\AppData\\Roaming\\npm\\node_modules\\npm\\bin\\npm-cli.js" "run" "lint"
19 error node v6.9.1
20 error npm  v4.0.2
21 error code ELIFECYCLE
22 error content-scraper@1.0.0 lint: `eslint scraper.js`
22 error Exit status 1
23 error Failed at the content-scraper@1.0.0 lint script 'eslint scraper.js'.
23 error Make sure you have the latest version of node.js and npm installed.
23 error If you do, this is most likely a problem with the content-scraper package,
23 error not with npm itself.
23 error Tell the author that this fails on your system:
23 error     eslint scraper.js
23 error You can get information on how to open an issue for this project with:
23 error     npm bugs content-scraper
23 error Or if that isn't available, you can get their info via:
23 error     npm owner ls content-scraper
23 error There is likely additional logging output above.
24 verbose exit [ 1, true ]
